{"D:\\BURAKCAKIR\\RN\\testing\\src\\App.js": {"path":"D:\\BURAKCAKIR\\RN\\testing\\src\\App.js","statementMap":{"0":{"start":{"line":5,"column":12},"end":{"line":29,"column":1}},"1":{"start":{"line":7,"column":28},"end":{"line":7,"column":46}},"2":{"start":{"line":8,"column":28},"end":{"line":8,"column":46}},"3":{"start":{"line":10,"column":27},"end":{"line":12,"column":5}},"4":{"start":{"line":11,"column":8},"end":{"line":11,"column":34}},"5":{"start":{"line":14,"column":22},"end":{"line":19,"column":5}},"6":{"start":{"line":15,"column":8},"end":{"line":17,"column":9}},"7":{"start":{"line":16,"column":12},"end":{"line":16,"column":19}},"8":{"start":{"line":18,"column":8},"end":{"line":18,"column":32}},"9":{"start":{"line":21,"column":4},"end":{"line":28,"column":5}},"10":{"start":{"line":24,"column":46},"end":{"line":24,"column":58}},"11":{"start":{"line":33,"column":15},"end":{"line":44,"column":2}}},"fnMap":{"0":{"name":"(anonymous_0)","decl":{"start":{"line":5,"column":12},"end":{"line":5,"column":13}},"loc":{"start":{"line":5,"column":18},"end":{"line":29,"column":1}},"line":5},"1":{"name":"(anonymous_1)","decl":{"start":{"line":10,"column":27},"end":{"line":10,"column":28}},"loc":{"start":{"line":10,"column":41},"end":{"line":12,"column":5}},"line":10},"2":{"name":"(anonymous_2)","decl":{"start":{"line":14,"column":22},"end":{"line":14,"column":23}},"loc":{"start":{"line":14,"column":28},"end":{"line":19,"column":5}},"line":14},"3":{"name":"(anonymous_3)","decl":{"start":{"line":24,"column":36},"end":{"line":24,"column":37}},"loc":{"start":{"line":24,"column":46},"end":{"line":24,"column":58}},"line":24}},"branchMap":{"0":{"loc":{"start":{"line":15,"column":8},"end":{"line":17,"column":9}},"type":"if","locations":[{"start":{"line":15,"column":8},"end":{"line":17,"column":9}},{"start":{},"end":{}}],"line":15}},"s":{"0":1,"1":10,"2":10,"3":10,"4":7,"5":10,"6":5,"7":1,"8":4,"9":10,"10":13,"11":1},"f":{"0":10,"1":7,"2":5,"3":13},"b":{"0":[1,4]},"_coverageSchema":"1a1c01bbd47fc00a2c39e90264f33305004495a9","hash":"db20d6624d13f5cdde0e5bab99976c693fb2434f"}
,"D:\\BURAKCAKIR\\RN\\testing\\src\\components\\Button\\Button.style.js": {"path":"D:\\BURAKCAKIR\\RN\\testing\\src\\components\\Button\\Button.style.js","statementMap":{},"fnMap":{},"branchMap":{},"s":{},"f":{},"b":{},"_coverageSchema":"1a1c01bbd47fc00a2c39e90264f33305004495a9","hash":"50eb18e92ce7a7e14a9a938ecff1be5551937ecf"}
,"D:\\BURAKCAKIR\\RN\\testing\\src\\components\\Button\\index.js": {"path":"D:\\BURAKCAKIR\\RN\\testing\\src\\components\\Button\\index.js","statementMap":{"0":{"start":{"line":5,"column":15},"end":{"line":11,"column":1}},"1":{"start":{"line":6,"column":4},"end":{"line":10,"column":5}}},"fnMap":{"0":{"name":"(anonymous_0)","decl":{"start":{"line":5,"column":15},"end":{"line":5,"column":16}},"loc":{"start":{"line":5,"column":58},"end":{"line":11,"column":1}},"line":5}},"branchMap":{"0":{"loc":{"start":{"line":5,"column":34},"end":{"line":5,"column":51}},"type":"default-arg","locations":[{"start":{"line":5,"column":42},"end":{"line":5,"column":51}}],"line":5}},"s":{"0":2,"1":15},"f":{"0":15},"b":{"0":[14]},"_coverageSchema":"1a1c01bbd47fc00a2c39e90264f33305004495a9","hash":"8be5de6c62d93d6cda2eb88bc9df677873d94cdb"}
}
