TN:
SF:src\App.js
FN:5,(anonymous_0)
FN:10,(anonymous_1)
FN:14,(anonymous_2)
FN:24,(anonymous_3)
FNF:4
FNH:4
FNDA:10,(anonymous_0)
FNDA:7,(anonymous_1)
FNDA:5,(anonymous_2)
FNDA:13,(anonymous_3)
DA:5,1
DA:7,10
DA:8,10
DA:10,10
DA:11,7
DA:14,10
DA:15,5
DA:16,1
DA:18,4
DA:21,10
DA:24,13
DA:33,1
LF:12
LH:12
BRDA:15,0,0,1
BRDA:15,0,1,4
BRF:2
BRH:2
end_of_record
TN:
SF:src\components\Button\Button.style.js
FNF:0
FNH:0
LF:0
LH:0
BRF:0
BRH:0
end_of_record
TN:
SF:src\components\Button\index.js
FN:5,(anonymous_0)
FNF:1
FNH:1
FNDA:15,(anonymous_0)
DA:5,2
DA:6,15
LF:2
LH:2
BRDA:5,0,0,14
BRF:1
BRH:1
end_of_record
